Determining if the pthread_create exist failed with the following output:
Change Dir: /home/atish/dev/Proto/mp3_encoder/CMakeFiles/CMakeTmp

Run Build Command(s):/usr/bin/make cmTC_bd43a/fast 
/usr/bin/make -f CMakeFiles/cmTC_bd43a.dir/build.make CMakeFiles/cmTC_bd43a.dir/build
make[1]: Entering directory '/home/atish/dev/Proto/mp3_encoder/CMakeFiles/CMakeTmp'
Building C object CMakeFiles/cmTC_bd43a.dir/CheckSymbolExists.c.o
/usr/bin/cc    -o CMakeFiles/cmTC_bd43a.dir/CheckSymbolExists.c.o   -c /home/atish/dev/Proto/mp3_encoder/CMakeFiles/CMakeTmp/CheckSymbolExists.c
Linking C executable cmTC_bd43a
/usr/local/bin/cmake -E cmake_link_script CMakeFiles/cmTC_bd43a.dir/link.txt --verbose=1
/usr/bin/cc      -rdynamic CMakeFiles/cmTC_bd43a.dir/CheckSymbolExists.c.o  -o cmTC_bd43a 
CMakeFiles/cmTC_bd43a.dir/CheckSymbolExists.c.o: In function `main':
CheckSymbolExists.c:(.text+0x1b): undefined reference to `pthread_create'
collect2: error: ld returned 1 exit status
CMakeFiles/cmTC_bd43a.dir/build.make:86: recipe for target 'cmTC_bd43a' failed
make[1]: *** [cmTC_bd43a] Error 1
make[1]: Leaving directory '/home/atish/dev/Proto/mp3_encoder/CMakeFiles/CMakeTmp'
Makefile:121: recipe for target 'cmTC_bd43a/fast' failed
make: *** [cmTC_bd43a/fast] Error 2

File /home/atish/dev/Proto/mp3_encoder/CMakeFiles/CMakeTmp/CheckSymbolExists.c:
/* */
#include <pthread.h>

int main(int argc, char** argv)
{
  (void)argv;
#ifndef pthread_create
  return ((int*)(&pthread_create))[argc];
#else
  (void)argc;
  return 0;
#endif
}

